d:\vs_test\huawei\huawei\debug\vc140.pdb
d:\vs_test\huawei\huawei\debug\vc140.idb
d:\vs_test\huawei\huawei\debug\24point.obj
d:\vs_test\huawei\huawei\debug\all24point.obj
d:\vs_test\huawei\huawei\debug\datastruct.obj
d:\vs_test\huawei\huawei\debug\friend_words.obj
d:\vs_test\huawei\huawei\debug\invered_word.obj
d:\vs_test\huawei\huawei\debug\listnode.obj
d:\vs_test\huawei\huawei\debug\main.obj
d:\vs_test\huawei\huawei\debug\my24point.obj
d:\vs_test\huawei\huawei\debug\regex_.obj
d:\vs_test\huawei\huawei\debug\score_sort.obj
d:\vs_test\huawei\huawei\debug\studyenglish.obj
d:\vs_test\huawei\huawei\debug\unique_data.obj
d:\vs_test\huawei\debug\huawei.ilk
d:\vs_test\huawei\debug\huawei.exe
d:\vs_test\huawei\debug\huawei.pdb
d:\vs_test\huawei\huawei\debug\huawei.tlog\cl.command.1.tlog
d:\vs_test\huawei\huawei\debug\huawei.tlog\cl.read.1.tlog
d:\vs_test\huawei\huawei\debug\huawei.tlog\cl.write.1.tlog
d:\vs_test\huawei\huawei\debug\huawei.tlog\link.command.1.tlog
d:\vs_test\huawei\huawei\debug\huawei.tlog\link.read.1.tlog
d:\vs_test\huawei\huawei\debug\huawei.tlog\link.write.1.tlog
